#
# There is insufficient memory for the Java Runtime Environment to continue.
# Native memory allocation (malloc) failed to allocate 560976 bytes for Chunk::new
# Possible reasons:
#   The system is out of physical RAM or swap space
#   The process is running with CompressedOops enabled, and the Java Heap may be blocking the growth of the native heap
# Possible solutions:
#   Reduce memory load on the system
#   Increase physical memory or swap space
#   Check if swap backing store is full
#   Decrease Java heap size (-Xmx/-Xms)
#   Decrease number of Java threads
#   Decrease Java thread stack sizes (-Xss)
#   Set larger code cache with -XX:ReservedCodeCacheSize=
#   JVM is running with Zero Based Compressed Oops mode in which the Java heap is
#     placed in the first 32GB address space. The Java Heap base address is the
#     maximum limit for the native heap growth. Please use -XX:HeapBaseMinAddress
#     to set the Java Heap base and to place the Java Heap above 32GB virtual address.
# This output file may be truncated or incomplete.
#
#  Out of Memory Error (allocation.cpp:389), pid=31684, tid=0x0000000000002d64
#
# JRE version: Java(TM) SE Runtime Environment (8.0_371) (build 1.8.0_371-b11)
# Java VM: Java HotSpot(TM) 64-Bit Server VM (25.371-b11 mixed mode windows-amd64 compressed oops)
# Failed to write core dump. Minidumps are not enabled by default on client versions of Windows
#

---------------  T H R E A D  ---------------

Current thread (0x000001811f994000):  JavaThread "C2 CompilerThread0" daemon [_thread_in_native, id=11620, stack(0x0000004ec5600000,0x0000004ec5700000)]

Stack: [0x0000004ec5600000,0x0000004ec5700000]
Native frames: (J=compiled Java code, j=interpreted, Vv=VM code, C=native code)
V  [jvm.dll+0x34d9f9]


Current CompileTask:
C2:   1243 1512   !   4       java.net.URL::<init> (543 bytes)


---------------  P R O C E S S  ---------------

Java Threads: ( => current thread )
  0x0000018120434800 JavaThread "Service Thread" daemon [_thread_blocked, id=24228, stack(0x0000004ec5900000,0x0000004ec5a00000)]
  0x000001811f997800 JavaThread "C1 CompilerThread2" daemon [_thread_blocked, id=30756, stack(0x0000004ec5800000,0x0000004ec5900000)]
  0x000001811f995800 JavaThread "C2 CompilerThread1" daemon [_thread_blocked, id=31604, stack(0x0000004ec5700000,0x0000004ec5800000)]
=>0x000001811f994000 JavaThread "C2 CompilerThread0" daemon [_thread_in_native, id=11620, stack(0x0000004ec5600000,0x0000004ec5700000)]
  0x000001811f992000 JavaThread "Monitor Ctrl-Break" daemon [_thread_in_native, id=31856, stack(0x0000004ec5500000,0x0000004ec5600000)]
  0x000001811f947000 JavaThread "Attach Listener" daemon [_thread_blocked, id=31064, stack(0x0000004ec5400000,0x0000004ec5500000)]
  0x000001811f946000 JavaThread "Signal Dispatcher" daemon [_thread_blocked, id=31120, stack(0x0000004ec5300000,0x0000004ec5400000)]
  0x000001811f1ac800 JavaThread "Finalizer" daemon [_thread_blocked, id=27556, stack(0x0000004ec5200000,0x0000004ec5300000)]
  0x000001811f8d5800 JavaThread "Reference Handler" daemon [_thread_blocked, id=26108, stack(0x0000004ec5100000,0x0000004ec5200000)]
  0x00000181047bc800 JavaThread "main" [_thread_in_vm, id=16740, stack(0x0000004ec4b00000,0x0000004ec4c00000)]

Other Threads:
  0x000001811f8b2000 VMThread [stack: 0x0000004ec5000000,0x0000004ec5100000] [id=20340]
  0x0000018120471800 WatcherThread [stack: 0x0000004ec5a00000,0x0000004ec5b00000] [id=18884]

VM state:not at safepoint (normal execution)

VM Mutex/Monitor currently owned by a thread: None

heap address: 0x00000006c1c00000, size: 4068 MB, Compressed Oops mode: Zero based, Oop shift amount: 3
Narrow klass base: 0x0000000000000000, Narrow klass shift: 3
Compressed class space size: 1073741824 Address: 0x00000007c0000000

Heap:
 PSYoungGen      total 76288K, used 42340K [0x000000076b400000, 0x0000000770900000, 0x00000007c0000000)
  eden space 65536K, 50% used [0x000000076b400000,0x000000076d402750,0x000000076f400000)
  from space 10752K, 88% used [0x000000076f400000,0x000000076fd56c38,0x000000076fe80000)
  to   space 10752K, 0% used [0x000000076fe80000,0x000000076fe80000,0x0000000770900000)
 ParOldGen       total 175104K, used 16K [0x00000006c1c00000, 0x00000006cc700000, 0x000000076b400000)
  object space 175104K, 0% used [0x00000006c1c00000,0x00000006c1c04000,0x00000006cc700000)
 Metaspace       used 15824K, capacity 16304K, committed 16512K, reserved 1062912K
  class space    used 1974K, capacity 2110K, committed 2176K, reserved 1048576K

Card table byte_map: [0x0000018115440000,0x0000018115c40000] byte_map_base: 0x0000018111e32000

Marking Bits: (ParMarkBitMap*) 0x000000007689d980
 Begin Bits: [0x0000018116190000, 0x000001811a120000)
 End Bits:   [0x000001811a120000, 0x000001811e0b0000)

Polling page: 0x0000018104740000

CodeCache: size=245760Kb used=5419Kb max_used=5426Kb free=240340Kb
 bounds [0x0000018106080000, 0x00000181065e0000, 0x0000018115080000]
 total_blobs=1952 nmethods=1573 adapters=291
 compilation: enabled

Compilation events (10 events):
Event: 1.230 Thread 0x000001811f997800 1567       3       java.util.BitSet::nextClearBit (116 bytes)
Event: 1.230 Thread 0x000001811f997800 nmethod 1567 0x00000181065c6690 code [0x00000181065c68a0, 0x00000181065c7380]
Event: 1.230 Thread 0x000001811f997800 1568       3       java.lang.Long::numberOfTrailingZeros (116 bytes)
Event: 1.230 Thread 0x000001811f995800 nmethod 1564 0x00000181065c6110 code [0x00000181065c62a0, 0x00000181065c6498]
Event: 1.230 Thread 0x000001811f997800 nmethod 1568 0x00000181065c5b50 code [0x00000181065c5cc0, 0x00000181065c5fd8]
Event: 1.233 Thread 0x000001811f997800 1569       3       sun.misc.ProxyGenerator::code_aload (11 bytes)
Event: 1.233 Thread 0x000001811f997800 nmethod 1569 0x00000181065cf6d0 code [0x00000181065cf840, 0x00000181065cf9f0]
Event: 1.233 Thread 0x000001811f997800 1570       3       java.util.HashMap$ValueIterator::next (8 bytes)
Event: 1.233 Thread 0x000001811f995800 1571       4       java.util.ArrayList$Itr::next (66 bytes)
Event: 1.234 Thread 0x000001811f997800 nmethod 1570 0x00000181065cf290 code [0x00000181065cf400, 0x00000181065cf610]

GC Heap History (2 events):
Event: 0.916 GC heap before
{Heap before GC invocations=1 (full 0):
 PSYoungGen      total 76288K, used 65536K [0x000000076b400000, 0x0000000770900000, 0x00000007c0000000)
  eden space 65536K, 100% used [0x000000076b400000,0x000000076f400000,0x000000076f400000)
  from space 10752K, 0% used [0x000000076fe80000,0x000000076fe80000,0x0000000770900000)
  to   space 10752K, 0% used [0x000000076f400000,0x000000076f400000,0x000000076fe80000)
 ParOldGen       total 175104K, used 0K [0x00000006c1c00000, 0x00000006cc700000, 0x000000076b400000)
  object space 175104K, 0% used [0x00000006c1c00000,0x00000006c1c00000,0x00000006cc700000)
 Metaspace       used 12291K, capacity 12622K, committed 12928K, reserved 1060864K
  class space    used 1508K, capacity 1601K, committed 1664K, reserved 1048576K
Event: 0.923 GC heap after
Heap after GC invocations=1 (full 0):
 PSYoungGen      total 76288K, used 9563K [0x000000076b400000, 0x0000000770900000, 0x00000007c0000000)
  eden space 65536K, 0% used [0x000000076b400000,0x000000076b400000,0x000000076f400000)
  from space 10752K, 88% used [0x000000076f400000,0x000000076fd56c38,0x000000076fe80000)
  to   space 10752K, 0% used [0x000000076fe80000,0x000000076fe80000,0x0000000770900000)
 ParOldGen       total 175104K, used 16K [0x00000006c1c00000, 0x00000006cc700000, 0x000000076b400000)
  object space 175104K, 0% used [0x00000006c1c00000,0x00000006c1c04000,0x00000006cc700000)
 Metaspace       used 12291K, capacity 12622K, committed 12928K, reserved 1060864K
  class space    used 1508K, capacity 1601K, committed 1664K, reserved 1048576K
}

Deoptimization events (10 events):
Event: 0.482 Thread 0x00000181047bc800 Uncommon trap: reason=unstable_if action=reinterpret pc=0x0000018106254638 method=java.lang.String.indexOf([CII[CIII)I @ 3
Event: 0.660 Thread 0x00000181047bc800 Uncommon trap: reason=unstable_if action=reinterpret pc=0x00000181063bbdb4 method=sun.nio.cs.StreamDecoder.implRead([CII)I @ 71
Event: 0.691 Thread 0x00000181047bc800 Uncommon trap: reason=unstable_if action=reinterpret pc=0x00000181063c66c0 method=sun.nio.cs.StreamDecoder.implRead([CII)I @ 197
Event: 0.749 Thread 0x00000181047bc800 Uncommon trap: reason=unstable_if action=reinterpret pc=0x000001810637b224 method=java.util.HashMap.getNode(ILjava/lang/Object;)Ljava/util/HashMap$Node; @ 129
Event: 0.749 Thread 0x00000181047bc800 Uncommon trap: reason=unstable_if action=reinterpret pc=0x000001810637d844 method=java.util.HashMap.getNode(ILjava/lang/Object;)Ljava/util/HashMap$Node; @ 129
Event: 1.146 Thread 0x00000181047bc800 Uncommon trap: reason=array_check action=maybe_recompile pc=0x0000018106583894 method=java.util.stream.Nodes$FixedNodeBuilder.accept(Ljava/lang/Object;)V @ 28
Event: 1.146 Thread 0x00000181047bc800 Uncommon trap: reason=array_check action=maybe_recompile pc=0x0000018106583894 method=java.util.stream.Nodes$FixedNodeBuilder.accept(Ljava/lang/Object;)V @ 28
Event: 1.146 Thread 0x00000181047bc800 Uncommon trap: reason=array_check action=maybe_recompile pc=0x0000018106583894 method=java.util.stream.Nodes$FixedNodeBuilder.accept(Ljava/lang/Object;)V @ 28
Event: 1.146 Thread 0x00000181047bc800 Uncommon trap: reason=array_check action=maybe_recompile pc=0x0000018106583894 method=java.util.stream.Nodes$FixedNodeBuilder.accept(Ljava/lang/Object;)V @ 28
Event: 1.209 Thread 0x00000181047bc800 Uncommon trap: reason=unstable_if action=reinterpret pc=0x0000018106455914 method=java.lang.ClassLoader.checkName(Ljava/lang/String;)Z @ 1

Classes redefined (0 events):
No events

Internal exceptions (10 events):
Event: 0.342 Thread 0x00000181047bc800 Exception <a 'sun/nio/fs/WindowsException'> (0x000000076be41998) thrown at [C:\jenkins\workspace\8-2-build-windows-x64-cygwin\jdk8u371\3355\hotspot\src\share\vm\prims\jni.cpp, line 710]
Event: 0.342 Thread 0x00000181047bc800 Exception <a 'sun/nio/fs/WindowsException'> (0x000000076be41fe0) thrown at [C:\jenkins\workspace\8-2-build-windows-x64-cygwin\jdk8u371\3355\hotspot\src\share\vm\prims\jni.cpp, line 710]
Event: 0.342 Thread 0x00000181047bc800 Exception <a 'sun/nio/fs/WindowsException'> (0x000000076be425c8) thrown at [C:\jenkins\workspace\8-2-build-windows-x64-cygwin\jdk8u371\3355\hotspot\src\share\vm\prims\jni.cpp, line 710]
Event: 0.409 Thread 0x00000181047bc800 Exception <a 'java/lang/NoSuchMethodError': java.lang.Object.lambda$identity$2(Ljava/lang/Object;)Ljava/lang/Object;> (0x000000076c254278) thrown at [C:\jenkins\workspace\8-2-build-windows-x64-cygwin\jdk8u371\3355\hotspot\src\share\vm\interpreter\linkReso
Event: 0.413 Thread 0x00000181047bc800 Exception <a 'java/lang/NoSuchMethodError': java.lang.Object.lambda$andThen$1(Ljava/util/function/Function;Ljava/lang/Object;)Ljava/lang/Object;> (0x000000076c289c18) thrown at [C:\jenkins\workspace\8-2-build-windows-x64-cygwin\jdk8u371\3355\hotspot\src\s
Event: 0.572 Thread 0x00000181047bc800 Exception <a 'java/lang/NoSuchMethodError': java.lang.Object.lambda$comparing$77a9974f$1(Ljava/util/function/Function;Ljava/lang/Object;Ljava/lang/Object;)I> (0x000000076ce7cbc0) thrown at [C:\jenkins\workspace\8-2-build-windows-x64-cygwin\jdk8u371\3355\h
Event: 0.573 Thread 0x00000181047bc800 Exception <a 'java/lang/NoSuchMethodError': java.lang.Object.lambda$comparing$ea9a8b3a$1(Ljava/util/Comparator;Ljava/util/function/Function;Ljava/lang/Object;Ljava/lang/Object;)I> (0x000000076ce8eeb8) thrown at [C:\jenkins\workspace\8-2-build-windows-x64-
Event: 0.574 Thread 0x00000181047bc800 Exception <a 'java/lang/NoSuchMethodError': java.lang.Object.lambda$thenComparing$36697e65$1(Ljava/util/Comparator;Ljava/lang/Object;Ljava/lang/Object;)I> (0x000000076ce97280) thrown at [C:\jenkins\workspace\8-2-build-windows-x64-cygwin\jdk8u371\3355\hots
Event: 0.635 Thread 0x00000181047bc800 Exception <a 'java/lang/NoClassDefFoundError': javax/enterprise/inject/Typed> (0x000000076d32ab08) thrown at [C:\jenkins\workspace\8-2-build-windows-x64-cygwin\jdk8u371\3355\hotspot\src\share\vm\classfile\systemDictionary.cpp, line 201]
Event: 1.209 Thread 0x00000181047bc800 Implicit null exception at 0x000001810645574c to 0x0000018106455905

Events (10 events):
Event: 1.231 loading class com/google/inject/spi/TypeEncounter
Event: 1.231 loading class com/google/inject/spi/TypeEncounter done
Event: 1.231 loading class com/google/inject/internal/SingleMemberInjector
Event: 1.231 loading class com/google/inject/internal/SingleMemberInjector done
Event: 1.231 loading class com/google/inject/internal/ProvisionListenerCallbackStore
Event: 1.231 loading class com/google/inject/internal/ProvisionListenerCallbackStore done
Event: 1.232 loading class com/google/inject/internal/ProvisionListenerCallbackStore$1
Event: 1.232 loading class com/google/inject/internal/ProvisionListenerCallbackStore$1 done
Event: 1.232 loading class com/google/inject/internal/ScopeBindingProcessor
Event: 1.232 loading class com/google/inject/internal/ScopeBindingProcessor done


Dynamic libraries:
0x00007ff614270000 - 0x00007ff6142ba000 	E:\soft\dev\JDK\jdk1.8\bin\java.exe
0x00007ffae6ad0000 - 0x00007ffae6cc8000 	C:\WINDOWS\SYSTEM32\ntdll.dll
0x00007ffae64a0000 - 0x00007ffae655d000 	C:\WINDOWS\System32\KERNEL32.DLL
0x00007ffae45c0000 - 0x00007ffae48b6000 	C:\WINDOWS\System32\KERNELBASE.dll
0x00007ffae67b0000 - 0x00007ffae6863000 	C:\WINDOWS\System32\ADVAPI32.dll
0x00007ffae5e90000 - 0x00007ffae5f2e000 	C:\WINDOWS\System32\msvcrt.dll
0x00007ffae5cc0000 - 0x00007ffae5d5f000 	C:\WINDOWS\System32\sechost.dll
0x00007ffae6560000 - 0x00007ffae6686000 	C:\WINDOWS\System32\RPCRT4.dll
0x00007ffae4310000 - 0x00007ffae4337000 	C:\WINDOWS\System32\bcrypt.dll
0x00007ffae6300000 - 0x00007ffae649e000 	C:\WINDOWS\System32\USER32.dll
0x00007ffae4a60000 - 0x00007ffae4a82000 	C:\WINDOWS\System32\win32u.dll
0x00007ffae6a60000 - 0x00007ffae6a8c000 	C:\WINDOWS\System32\GDI32.dll
0x00007ffae4340000 - 0x00007ffae445a000 	C:\WINDOWS\System32\gdi32full.dll
0x00007ffae48c0000 - 0x00007ffae495d000 	C:\WINDOWS\System32\msvcp_win.dll
0x00007ffae4960000 - 0x00007ffae4a60000 	C:\WINDOWS\System32\ucrtbase.dll
0x00007ffad1260000 - 0x00007ffad14fa000 	C:\WINDOWS\WinSxS\amd64_microsoft.windows.common-controls_6595b64144ccf1df_6.0.19041.3636_none_60b6a03d71f818d5\COMCTL32.dll
0x00007ffae6870000 - 0x00007ffae68a0000 	C:\WINDOWS\System32\IMM32.DLL
0x00007ffaded30000 - 0x00007ffaded4b000 	E:\soft\dev\JDK\jdk1.8\jre\bin\vcruntime140.dll
0x00007ffad33a0000 - 0x00007ffad33ac000 	E:\soft\dev\JDK\jdk1.8\jre\bin\vcruntime140_1.dll
0x00007ffaabdf0000 - 0x00007ffaabe7e000 	E:\soft\dev\JDK\jdk1.8\jre\bin\msvcp140.dll
0x0000000076070000 - 0x0000000076917000 	E:\soft\dev\JDK\jdk1.8\jre\bin\server\jvm.dll
0x00007ffae68a0000 - 0x00007ffae68a8000 	C:\WINDOWS\System32\PSAPI.DLL
0x00007ffad7870000 - 0x00007ffad787a000 	C:\WINDOWS\SYSTEM32\VERSION.dll
0x00007ffad76b0000 - 0x00007ffad76d7000 	C:\WINDOWS\SYSTEM32\WINMM.dll
0x00007ffaded20000 - 0x00007ffaded29000 	C:\WINDOWS\SYSTEM32\WSOCK32.dll
0x00007ffae6290000 - 0x00007ffae62fb000 	C:\WINDOWS\System32\WS2_32.dll
0x00007ffae2ca0000 - 0x00007ffae2cb2000 	C:\WINDOWS\SYSTEM32\kernel.appcore.dll
0x00007ffacf050000 - 0x00007ffacf060000 	E:\soft\dev\JDK\jdk1.8\jre\bin\verify.dll
0x00007ffac33d0000 - 0x00007ffac33fb000 	E:\soft\dev\JDK\jdk1.8\jre\bin\java.dll
0x00007ffabdfa0000 - 0x00007ffabdfd4000 	E:\soft\dev\JDK\jdk1.8\jre\bin\instrument.dll
0x00007ffac3370000 - 0x00007ffac3388000 	E:\soft\dev\JDK\jdk1.8\jre\bin\zip.dll
0x00007ffae4b80000 - 0x00007ffae52c5000 	C:\WINDOWS\System32\SHELL32.dll
0x00007ffae1410000 - 0x00007ffae1bab000 	C:\WINDOWS\SYSTEM32\windows.storage.dll
0x00007ffae5f30000 - 0x00007ffae6284000 	C:\WINDOWS\System32\combase.dll
0x00007ffae3a20000 - 0x00007ffae3a4d000 	C:\WINDOWS\SYSTEM32\Wldp.dll
0x00007ffae5d60000 - 0x00007ffae5e0d000 	C:\WINDOWS\System32\SHCORE.dll
0x00007ffae5bb0000 - 0x00007ffae5c05000 	C:\WINDOWS\System32\shlwapi.dll
0x00007ffae40d0000 - 0x00007ffae40f5000 	C:\WINDOWS\SYSTEM32\profapi.dll
0x00007ffaded90000 - 0x00007ffadedaa000 	E:\soft\IntelliJ IDEA 2023.3.2\bin\breakgen64.dll
0x00007ffac3300000 - 0x00007ffac331c000 	E:\soft\dev\JDK\jdk1.8\jre\bin\net.dll
0x00007ffae3800000 - 0x00007ffae386a000 	C:\WINDOWS\system32\mswsock.dll
0x00007ffab6a20000 - 0x00007ffab6a33000 	E:\soft\dev\JDK\jdk1.8\jre\bin\nio.dll
0x0000000069ac0000 - 0x0000000069ae4000 	C:\Users\wish\AppData\Local\Temp\jansi-2.4.0-fa78dd1452779a4d-jansi.dll

VM Arguments:
jvm_args: -Dmaven.multiModuleProjectDirectory=D:\project\code\demo\mq -Djansi.passthrough=true -Dmaven.home=E:\soft\IntelliJ IDEA 2023.3.2\plugins\maven\lib\maven3 -Dclassworlds.conf=E:\soft\IntelliJ IDEA 2023.3.2\plugins\maven\lib\maven3\bin\m2.conf -Dmaven.ext.class.path=E:\soft\IntelliJ IDEA 2023.3.2\plugins\maven\lib\maven-event-listener.jar -javaagent:E:\soft\IntelliJ IDEA 2023.3.2\lib\idea_rt.jar=5973:E:\soft\IntelliJ IDEA 2023.3.2\bin -Dfile.encoding=UTF-8 
java_command: org.codehaus.classworlds.Launcher -Didea.version=2023.3.2 -s E:\soft\dev\apache-maven-3.6.0\conf\settings.xml -Dmaven.repo.local=E:\soft\apache-maven-3.6.0\repository -DskipTests=true clean
java_class_path (initial): E:\soft\IntelliJ IDEA 2023.3.2\plugins\maven\lib\maven3\boot\plexus-classworlds-2.7.0.jar;E:\soft\IntelliJ IDEA 2023.3.2\plugins\maven\lib\maven3\boot\plexus-classworlds.license;E:\soft\IntelliJ IDEA 2023.3.2\lib\idea_rt.jar
Launcher Type: SUN_STANDARD

Environment Variables:
JAVA_HOME=E:\soft\dev\JDK\jdk1.8
PATH=C:\WINDOWS\system32;C:\WINDOWS;C:\WINDOWS\System32\Wbem;C:\WINDOWS\System32\WindowsPowerShell\v1.0\;C:\WINDOWS\System32\OpenSSH\;E:\soft\dev\JDK\jdk1.8\bin;E:\soft\dev\JDK\jdk1.8\jre\bin;E:\soft\dev\apache-maven-3.6.0\bin;C:\Program Files\Docker\Docker\resources\bin;E:\soft\dev\Git\cmd;E:\soft\dev\Xmanager 7\;E:\soft\dev\Xshell 7\;E:\soft\dev\Xftp 7\;E:\soft\dev\Xlpd 7\;E:\soft\nodejs;E:\soft\nvm;E:\soft\nodejs;E:\soft\nodejs\nvm;C:\Users\wish\AppData\Local\Microsoft\WindowsApps;C:\Users\wish\AppData\Local\Programs\Microsoft VS Code\bin;E:\soft\nvm;E:\soft\nodejs
USERNAME=wish
OS=Windows_NT
PROCESSOR_IDENTIFIER=Intel64 Family 6 Model 158 Stepping 9, GenuineIntel



---------------  S Y S T E M  ---------------

OS: Windows 10 , 64 bit Build 19041 (10.0.19041.3636)

CPU:total 4 (initial active 4) (4 cores per cpu, 1 threads per core) family 6 model 158 stepping 9, cmov, cx8, fxsr, mmx, sse, sse2, sse3, ssse3, sse4.1, sse4.2, popcnt, avx, avx2, aes, clmul, erms, rtm, 3dnowpref, lzcnt, tsc, tscinvbit, bmi1, bmi2, adx

Memory: 4k page, physical 16656012k(1225988k free), swap 36497884k(5140k free)

vm_info: Java HotSpot(TM) 64-Bit Server VM (25.371-b11) for windows-amd64 JRE (1.8.0_371-b11), built on Mar 17 2023 04:03:45 by "java_re" with MS VC++ 17.1 (VS2022)

time: Tue Jan 23 18:47:11 2024
timezone: Intel64 Family 6 Model 158 Stepping 9, GenuineIntel
elapsed time: 1.246666 seconds (0d 0h 0m 1s)

